{"C:\\TodoTestReal\\todo\\src\\components\\todos\\TodoBody.jsx": {"path":"C:\\TodoTestReal\\todo\\src\\components\\todos\\TodoBody.jsx","all":false,"statementMap":{"0":{"start":{"line":1,"column":0},"end":{"line":1,"column":25}},"1":{"start":{"line":2,"column":0},"end":{"line":2,"column":34}},"2":{"start":{"line":3,"column":0},"end":{"line":3,"column":49}},"3":{"start":{"line":4,"column":0},"end":{"line":4,"column":0}},"4":{"start":{"line":5,"column":0},"end":{"line":5,"column":24}},"5":{"start":{"line":6,"column":0},"end":{"line":6,"column":27}},"6":{"start":{"line":7,"column":0},"end":{"line":7,"column":145}},"7":{"start":{"line":8,"column":0},"end":{"line":8,"column":64}},"8":{"start":{"line":9,"column":0},"end":{"line":9,"column":0}},"9":{"start":{"line":10,"column":0},"end":{"line":10,"column":10}},"10":{"start":{"line":11,"column":0},"end":{"line":11,"column":30}},"11":{"start":{"line":12,"column":0},"end":{"line":12,"column":78}},"12":{"start":{"line":13,"column":0},"end":{"line":13,"column":9}},"13":{"start":{"line":14,"column":0},"end":{"line":14,"column":3}},"14":{"start":{"line":15,"column":0},"end":{"line":15,"column":1}},"15":{"start":{"line":16,"column":0},"end":{"line":16,"column":0}},"16":{"start":{"line":17,"column":0},"end":{"line":17,"column":23}}},"s":{"0":1,"1":1,"2":1,"3":1,"4":1,"5":2,"6":2,"7":2,"8":2,"9":2,"10":2,"11":2,"12":2,"13":2,"14":2,"15":1,"16":1},"branchMap":{"0":{"type":"branch","line":5,"loc":{"start":{"line":5,"column":17},"end":{"line":15,"column":1}},"locations":[{"start":{"line":5,"column":17},"end":{"line":15,"column":1}}]},"1":{"type":"branch","line":7,"loc":{"start":{"line":7,"column":22},"end":{"line":7,"column":145}},"locations":[{"start":{"line":7,"column":22},"end":{"line":7,"column":145}}]},"2":{"type":"branch","line":7,"loc":{"start":{"line":7,"column":72},"end":{"line":7,"column":88}},"locations":[{"start":{"line":7,"column":72},"end":{"line":7,"column":88}}]},"3":{"type":"branch","line":7,"loc":{"start":{"line":7,"column":80},"end":{"line":7,"column":145}},"locations":[{"start":{"line":7,"column":80},"end":{"line":7,"column":145}}]},"4":{"type":"branch","line":7,"loc":{"start":{"line":7,"column":101},"end":{"line":7,"column":143}},"locations":[{"start":{"line":7,"column":101},"end":{"line":7,"column":143}}]},"5":{"type":"branch","line":12,"loc":{"start":{"line":12,"column":25},"end":{"line":12,"column":76}},"locations":[{"start":{"line":12,"column":25},"end":{"line":12,"column":76}}]}},"b":{"0":[2],"1":[2],"2":[1],"3":[1],"4":[3],"5":[4]},"fnMap":{"0":{"name":"TodoBody","decl":{"start":{"line":5,"column":17},"end":{"line":15,"column":1}},"loc":{"start":{"line":5,"column":17},"end":{"line":15,"column":1}},"line":5},"1":{"name":"filterTodos","decl":{"start":{"line":7,"column":22},"end":{"line":7,"column":145}},"loc":{"start":{"line":7,"column":22},"end":{"line":7,"column":145}},"line":7}},"f":{"0":2,"1":2}}
,"C:\\TodoTestReal\\todo\\src\\components\\todos\\TodoFilter.jsx": {"path":"C:\\TodoTestReal\\todo\\src\\components\\todos\\TodoFilter.jsx","all":false,"statementMap":{"0":{"start":{"line":1,"column":0},"end":{"line":1,"column":26}},"1":{"start":{"line":2,"column":0},"end":{"line":2,"column":54}},"2":{"start":{"line":3,"column":0},"end":{"line":3,"column":68}},"3":{"start":{"line":4,"column":0},"end":{"line":4,"column":0}},"4":{"start":{"line":5,"column":0},"end":{"line":5,"column":26}},"5":{"start":{"line":6,"column":0},"end":{"line":6,"column":27}},"6":{"start":{"line":7,"column":0},"end":{"line":7,"column":38}},"7":{"start":{"line":8,"column":0},"end":{"line":8,"column":0}},"8":{"start":{"line":9,"column":0},"end":{"line":9,"column":10}},"9":{"start":{"line":10,"column":0},"end":{"line":10,"column":11}},"10":{"start":{"line":11,"column":0},"end":{"line":11,"column":55}},"11":{"start":{"line":12,"column":0},"end":{"line":12,"column":31}},"12":{"start":{"line":13,"column":0},"end":{"line":13,"column":27}},"13":{"start":{"line":14,"column":0},"end":{"line":14,"column":28}},"14":{"start":{"line":15,"column":0},"end":{"line":15,"column":26}},"15":{"start":{"line":16,"column":0},"end":{"line":16,"column":74}},"16":{"start":{"line":17,"column":0},"end":{"line":17,"column":7}},"17":{"start":{"line":18,"column":0},"end":{"line":18,"column":5}},"18":{"start":{"line":19,"column":0},"end":{"line":19,"column":38}},"19":{"start":{"line":20,"column":0},"end":{"line":20,"column":67}},"20":{"start":{"line":21,"column":0},"end":{"line":21,"column":31}},"21":{"start":{"line":22,"column":0},"end":{"line":22,"column":49}},"22":{"start":{"line":23,"column":0},"end":{"line":23,"column":15}},"23":{"start":{"line":24,"column":0},"end":{"line":24,"column":66}},"24":{"start":{"line":25,"column":0},"end":{"line":25,"column":13}},"25":{"start":{"line":26,"column":0},"end":{"line":26,"column":4}},"26":{"start":{"line":27,"column":0},"end":{"line":27,"column":2}},"27":{"start":{"line":28,"column":0},"end":{"line":28,"column":0}},"28":{"start":{"line":29,"column":0},"end":{"line":29,"column":26}}},"s":{"0":1,"1":1,"2":1,"3":1,"4":1,"5":2,"6":2,"7":2,"8":2,"9":2,"10":2,"11":2,"12":2,"13":2,"14":2,"15":1,"16":2,"17":2,"18":2,"19":2,"20":2,"21":2,"22":2,"23":2,"24":2,"25":2,"26":2,"27":1,"28":1},"branchMap":{"0":{"type":"branch","line":5,"loc":{"start":{"line":5,"column":19},"end":{"line":27,"column":2}},"locations":[{"start":{"line":5,"column":19},"end":{"line":27,"column":2}}]},"1":{"type":"branch","line":15,"loc":{"start":{"line":15,"column":16},"end":{"line":16,"column":74}},"locations":[{"start":{"line":15,"column":16},"end":{"line":16,"column":74}}]}},"b":{"0":[2],"1":[1]},"fnMap":{"0":{"name":"TodoFilter","decl":{"start":{"line":5,"column":19},"end":{"line":27,"column":2}},"loc":{"start":{"line":5,"column":19},"end":{"line":27,"column":2}},"line":5},"1":{"name":"onChange","decl":{"start":{"line":15,"column":16},"end":{"line":16,"column":74}},"loc":{"start":{"line":15,"column":16},"end":{"line":16,"column":74}},"line":15}},"f":{"0":2,"1":1}}
,"C:\\TodoTestReal\\todo\\src\\components\\todos\\TodoForm.jsx": {"path":"C:\\TodoTestReal\\todo\\src\\components\\todos\\TodoForm.jsx","all":false,"statementMap":{"0":{"start":{"line":1,"column":0},"end":{"line":1,"column":51}},"1":{"start":{"line":2,"column":0},"end":{"line":2,"column":54}},"2":{"start":{"line":3,"column":0},"end":{"line":3,"column":58}},"3":{"start":{"line":4,"column":0},"end":{"line":4,"column":58}},"4":{"start":{"line":5,"column":0},"end":{"line":5,"column":0}},"5":{"start":{"line":6,"column":0},"end":{"line":6,"column":51}},"6":{"start":{"line":7,"column":0},"end":{"line":7,"column":37}},"7":{"start":{"line":8,"column":0},"end":{"line":8,"column":46}},"8":{"start":{"line":9,"column":0},"end":{"line":9,"column":0}},"9":{"start":{"line":10,"column":0},"end":{"line":10,"column":80}},"10":{"start":{"line":11,"column":0},"end":{"line":11,"column":41}},"11":{"start":{"line":12,"column":0},"end":{"line":12,"column":47}},"12":{"start":{"line":13,"column":0},"end":{"line":13,"column":4}},"13":{"start":{"line":14,"column":0},"end":{"line":14,"column":43}},"14":{"start":{"line":15,"column":0},"end":{"line":15,"column":52}},"15":{"start":{"line":16,"column":0},"end":{"line":16,"column":4}},"16":{"start":{"line":17,"column":0},"end":{"line":17,"column":53}},"17":{"start":{"line":18,"column":0},"end":{"line":18,"column":0}},"18":{"start":{"line":19,"column":0},"end":{"line":19,"column":62}},"19":{"start":{"line":20,"column":0},"end":{"line":20,"column":0}},"20":{"start":{"line":21,"column":0},"end":{"line":21,"column":40}},"21":{"start":{"line":22,"column":0},"end":{"line":22,"column":34}},"22":{"start":{"line":23,"column":0},"end":{"line":23,"column":16}},"23":{"start":{"line":24,"column":0},"end":{"line":24,"column":20}},"24":{"start":{"line":25,"column":0},"end":{"line":25,"column":76}},"25":{"start":{"line":26,"column":0},"end":{"line":26,"column":9}},"26":{"start":{"line":27,"column":0},"end":{"line":27,"column":12}},"27":{"start":{"line":28,"column":0},"end":{"line":28,"column":16}},"28":{"start":{"line":29,"column":0},"end":{"line":29,"column":23}},"29":{"start":{"line":30,"column":0},"end":{"line":30,"column":62}},"30":{"start":{"line":31,"column":0},"end":{"line":31,"column":9}},"31":{"start":{"line":32,"column":0},"end":{"line":32,"column":5}},"32":{"start":{"line":33,"column":0},"end":{"line":33,"column":0}},"33":{"start":{"line":34,"column":0},"end":{"line":34,"column":14}},"34":{"start":{"line":35,"column":0},"end":{"line":35,"column":4}},"35":{"start":{"line":36,"column":0},"end":{"line":36,"column":0}},"36":{"start":{"line":37,"column":0},"end":{"line":37,"column":19}},"37":{"start":{"line":38,"column":0},"end":{"line":38,"column":52}},"38":{"start":{"line":39,"column":0},"end":{"line":39,"column":24}},"39":{"start":{"line":40,"column":0},"end":{"line":40,"column":12}},"40":{"start":{"line":41,"column":0},"end":{"line":41,"column":23}},"41":{"start":{"line":42,"column":0},"end":{"line":42,"column":5}},"42":{"start":{"line":43,"column":0},"end":{"line":43,"column":23}},"43":{"start":{"line":44,"column":0},"end":{"line":44,"column":0}},"44":{"start":{"line":45,"column":0},"end":{"line":45,"column":10}},"45":{"start":{"line":46,"column":0},"end":{"line":46,"column":6}},"46":{"start":{"line":47,"column":0},"end":{"line":47,"column":59}},"47":{"start":{"line":48,"column":0},"end":{"line":48,"column":29}},"48":{"start":{"line":49,"column":0},"end":{"line":49,"column":13}},"49":{"start":{"line":50,"column":0},"end":{"line":50,"column":75}},"50":{"start":{"line":51,"column":0},"end":{"line":51,"column":17}},"51":{"start":{"line":52,"column":0},"end":{"line":52,"column":18}},"52":{"start":{"line":53,"column":0},"end":{"line":53,"column":16}},"53":{"start":{"line":54,"column":0},"end":{"line":54,"column":97}},"54":{"start":{"line":55,"column":0},"end":{"line":55,"column":23}},"55":{"start":{"line":56,"column":0},"end":{"line":56,"column":22}},"56":{"start":{"line":57,"column":0},"end":{"line":57,"column":37}},"57":{"start":{"line":58,"column":0},"end":{"line":58,"column":25}},"58":{"start":{"line":59,"column":0},"end":{"line":59,"column":34}},"59":{"start":{"line":60,"column":0},"end":{"line":60,"column":46}},"60":{"start":{"line":61,"column":0},"end":{"line":61,"column":29}},"61":{"start":{"line":62,"column":0},"end":{"line":62,"column":14}},"62":{"start":{"line":63,"column":0},"end":{"line":63,"column":12}},"63":{"start":{"line":64,"column":0},"end":{"line":64,"column":14}},"64":{"start":{"line":65,"column":0},"end":{"line":65,"column":13}},"65":{"start":{"line":66,"column":0},"end":{"line":66,"column":77}},"66":{"start":{"line":67,"column":0},"end":{"line":67,"column":19}},"67":{"start":{"line":68,"column":0},"end":{"line":68,"column":18}},"68":{"start":{"line":69,"column":0},"end":{"line":69,"column":19}},"69":{"start":{"line":70,"column":0},"end":{"line":70,"column":39}},"70":{"start":{"line":71,"column":0},"end":{"line":71,"column":97}},"71":{"start":{"line":72,"column":0},"end":{"line":72,"column":24}},"72":{"start":{"line":73,"column":0},"end":{"line":73,"column":20}},"73":{"start":{"line":74,"column":0},"end":{"line":74,"column":27}},"74":{"start":{"line":75,"column":0},"end":{"line":75,"column":34}},"75":{"start":{"line":76,"column":0},"end":{"line":76,"column":46}},"76":{"start":{"line":77,"column":0},"end":{"line":77,"column":31}},"77":{"start":{"line":78,"column":0},"end":{"line":78,"column":14}},"78":{"start":{"line":79,"column":0},"end":{"line":79,"column":12}},"79":{"start":{"line":80,"column":0},"end":{"line":80,"column":14}},"80":{"start":{"line":81,"column":0},"end":{"line":81,"column":13}},"81":{"start":{"line":82,"column":0},"end":{"line":82,"column":78}},"82":{"start":{"line":83,"column":0},"end":{"line":83,"column":20}},"83":{"start":{"line":84,"column":0},"end":{"line":84,"column":18}},"84":{"start":{"line":85,"column":0},"end":{"line":85,"column":17}},"85":{"start":{"line":86,"column":0},"end":{"line":86,"column":39}},"86":{"start":{"line":87,"column":0},"end":{"line":87,"column":97}},"87":{"start":{"line":88,"column":0},"end":{"line":88,"column":25}},"88":{"start":{"line":89,"column":0},"end":{"line":89,"column":28}},"89":{"start":{"line":90,"column":0},"end":{"line":90,"column":65}},"90":{"start":{"line":91,"column":0},"end":{"line":91,"column":11}},"91":{"start":{"line":92,"column":0},"end":{"line":92,"column":73}},"92":{"start":{"line":93,"column":0},"end":{"line":93,"column":37}},"93":{"start":{"line":94,"column":0},"end":{"line":94,"column":55}},"94":{"start":{"line":95,"column":0},"end":{"line":95,"column":21}},"95":{"start":{"line":96,"column":0},"end":{"line":96,"column":72}},"96":{"start":{"line":97,"column":0},"end":{"line":97,"column":19}},"97":{"start":{"line":98,"column":0},"end":{"line":98,"column":14}},"98":{"start":{"line":99,"column":0},"end":{"line":99,"column":27}},"99":{"start":{"line":100,"column":0},"end":{"line":100,"column":45}},"100":{"start":{"line":101,"column":0},"end":{"line":101,"column":29}},"101":{"start":{"line":102,"column":0},"end":{"line":102,"column":16}},"102":{"start":{"line":103,"column":0},"end":{"line":103,"column":10}},"103":{"start":{"line":104,"column":0},"end":{"line":104,"column":0}},"104":{"start":{"line":105,"column":0},"end":{"line":105,"column":48}},"105":{"start":{"line":106,"column":0},"end":{"line":106,"column":17}},"106":{"start":{"line":107,"column":0},"end":{"line":107,"column":42}},"107":{"start":{"line":108,"column":0},"end":{"line":108,"column":25}},"108":{"start":{"line":109,"column":0},"end":{"line":109,"column":29}},"109":{"start":{"line":110,"column":0},"end":{"line":110,"column":11}},"110":{"start":{"line":111,"column":0},"end":{"line":111,"column":18}},"111":{"start":{"line":112,"column":0},"end":{"line":112,"column":19}},"112":{"start":{"line":113,"column":0},"end":{"line":113,"column":17}},"113":{"start":{"line":114,"column":0},"end":{"line":114,"column":40}},"114":{"start":{"line":115,"column":0},"end":{"line":115,"column":54}},"115":{"start":{"line":116,"column":0},"end":{"line":116,"column":25}},"116":{"start":{"line":117,"column":0},"end":{"line":117,"column":44}},"117":{"start":{"line":118,"column":0},"end":{"line":118,"column":36}},"118":{"start":{"line":119,"column":0},"end":{"line":119,"column":11}},"119":{"start":{"line":120,"column":0},"end":{"line":120,"column":56}},"120":{"start":{"line":121,"column":0},"end":{"line":121,"column":19}},"121":{"start":{"line":122,"column":0},"end":{"line":122,"column":14}},"122":{"start":{"line":123,"column":0},"end":{"line":123,"column":13}},"123":{"start":{"line":124,"column":0},"end":{"line":124,"column":7}},"124":{"start":{"line":125,"column":0},"end":{"line":125,"column":4}},"125":{"start":{"line":126,"column":0},"end":{"line":126,"column":2}},"126":{"start":{"line":127,"column":0},"end":{"line":127,"column":0}},"127":{"start":{"line":128,"column":0},"end":{"line":128,"column":24}}},"s":{"0":1,"1":1,"2":1,"3":1,"4":1,"5":1,"6":109,"7":438,"8":109,"9":109,"10":109,"11":109,"12":109,"13":109,"14":109,"15":109,"16":109,"17":109,"18":109,"19":109,"20":109,"21":2,"22":1,"23":1,"24":1,"25":1,"26":1,"27":1,"28":1,"29":1,"30":1,"31":1,"32":2,"33":2,"34":2,"35":109,"36":109,"37":57,"38":38,"39":57,"40":19,"41":19,"42":109,"43":109,"44":109,"45":109,"46":109,"47":109,"48":109,"49":109,"50":109,"51":109,"52":109,"53":109,"54":109,"55":109,"56":109,"57":109,"58":109,"59":21,"60":21,"61":21,"62":109,"63":109,"64":109,"65":109,"66":109,"67":109,"68":109,"69":109,"70":109,"71":109,"72":109,"73":109,"74":109,"75":25,"76":25,"77":25,"78":109,"79":109,"80":109,"81":109,"82":109,"83":109,"84":109,"85":109,"86":109,"87":109,"88":109,"89":109,"90":109,"91":109,"92":109,"93":109,"94":109,"95":109,"96":109,"97":109,"98":109,"99":36,"100":36,"101":36,"102":109,"103":109,"104":109,"105":109,"106":109,"107":109,"108":109,"109":109,"110":109,"111":109,"112":109,"113":109,"114":109,"115":109,"116":109,"117":109,"118":109,"119":109,"120":109,"121":109,"122":109,"123":109,"124":109,"125":109,"126":1,"127":1},"branchMap":{"0":{"type":"branch","line":6,"loc":{"start":{"line":6,"column":17},"end":{"line":126,"column":2}},"locations":[{"start":{"line":6,"column":17},"end":{"line":126,"column":2}}]},"1":{"type":"branch","line":10,"loc":{"start":{"line":10,"column":59},"end":{"line":10,"column":68}},"locations":[{"start":{"line":10,"column":59},"end":{"line":10,"column":68}}]},"2":{"type":"branch","line":10,"loc":{"start":{"line":10,"column":63},"end":{"line":10,"column":78}},"locations":[{"start":{"line":10,"column":63},"end":{"line":10,"column":78}}]},"3":{"type":"branch","line":12,"loc":{"start":{"line":12,"column":26},"end":{"line":12,"column":35}},"locations":[{"start":{"line":12,"column":26},"end":{"line":12,"column":35}}]},"4":{"type":"branch","line":12,"loc":{"start":{"line":12,"column":30},"end":{"line":12,"column":47}},"locations":[{"start":{"line":12,"column":30},"end":{"line":12,"column":47}}]},"5":{"type":"branch","line":15,"loc":{"start":{"line":15,"column":26},"end":{"line":15,"column":39}},"locations":[{"start":{"line":15,"column":26},"end":{"line":15,"column":39}}]},"6":{"type":"branch","line":15,"loc":{"start":{"line":15,"column":30},"end":{"line":15,"column":52}},"locations":[{"start":{"line":15,"column":30},"end":{"line":15,"column":52}}]},"7":{"type":"branch","line":99,"loc":{"start":{"line":99,"column":9},"end":{"line":102,"column":16}},"locations":[{"start":{"line":99,"column":9},"end":{"line":102,"column":16}}]},"8":{"type":"branch","line":120,"loc":{"start":{"line":120,"column":35},"end":{"line":120,"column":47}},"locations":[{"start":{"line":120,"column":35},"end":{"line":120,"column":47}}]},"9":{"type":"branch","line":120,"loc":{"start":{"line":120,"column":39},"end":{"line":120,"column":56}},"locations":[{"start":{"line":120,"column":39},"end":{"line":120,"column":56}}]},"10":{"type":"branch","line":7,"loc":{"start":{"line":7,"column":24},"end":{"line":8,"column":46}},"locations":[{"start":{"line":7,"column":24},"end":{"line":8,"column":46}}]},"11":{"type":"branch","line":8,"loc":{"start":{"line":8,"column":29},"end":{"line":8,"column":40}},"locations":[{"start":{"line":8,"column":29},"end":{"line":8,"column":40}}]},"12":{"type":"branch","line":8,"loc":{"start":{"line":8,"column":33},"end":{"line":8,"column":46}},"locations":[{"start":{"line":8,"column":33},"end":{"line":8,"column":46}}]},"13":{"type":"branch","line":21,"loc":{"start":{"line":21,"column":33},"end":{"line":35,"column":4}},"locations":[{"start":{"line":21,"column":33},"end":{"line":35,"column":4}}]},"14":{"type":"branch","line":22,"loc":{"start":{"line":22,"column":33},"end":{"line":32,"column":5}},"locations":[{"start":{"line":22,"column":33},"end":{"line":32,"column":5}}]},"15":{"type":"branch","line":37,"loc":{"start":{"line":37,"column":12},"end":{"line":43,"column":5}},"locations":[{"start":{"line":37,"column":12},"end":{"line":43,"column":5}}]},"16":{"type":"branch","line":38,"loc":{"start":{"line":38,"column":51},"end":{"line":40,"column":11}},"locations":[{"start":{"line":38,"column":51},"end":{"line":40,"column":11}}]},"17":{"type":"branch","line":40,"loc":{"start":{"line":40,"column":4},"end":{"line":42,"column":5}},"locations":[{"start":{"line":40,"column":4},"end":{"line":42,"column":5}}]},"18":{"type":"branch","line":59,"loc":{"start":{"line":59,"column":22},"end":{"line":62,"column":14}},"locations":[{"start":{"line":59,"column":22},"end":{"line":62,"column":14}}]},"19":{"type":"branch","line":75,"loc":{"start":{"line":75,"column":22},"end":{"line":78,"column":14}},"locations":[{"start":{"line":75,"column":22},"end":{"line":78,"column":14}}]},"20":{"type":"branch","line":90,"loc":{"start":{"line":90,"column":22},"end":{"line":90,"column":65}},"locations":[{"start":{"line":90,"column":22},"end":{"line":90,"column":65}}]}},"b":{"0":[109],"1":[52],"2":[57],"3":[52],"4":[57],"5":[52],"6":[57],"7":[36],"8":[52],"9":[57],"10":[438],"11":[209],"12":[229],"13":[2],"14":[1],"15":[57],"16":[38],"17":[19],"18":[21],"19":[25],"20":[2]},"fnMap":{"0":{"name":"TodoForm","decl":{"start":{"line":6,"column":17},"end":{"line":126,"column":2}},"loc":{"start":{"line":6,"column":17},"end":{"line":126,"column":2}},"line":6},"1":{"name":"isNewTodoForm","decl":{"start":{"line":7,"column":24},"end":{"line":8,"column":46}},"loc":{"start":{"line":7,"column":24},"end":{"line":8,"column":46}},"line":7},"2":{"name":"addOrUpdateTodoHandler","decl":{"start":{"line":21,"column":33},"end":{"line":35,"column":4}},"loc":{"start":{"line":21,"column":33},"end":{"line":35,"column":4}},"line":21},"3":{"name":"onChange","decl":{"start":{"line":59,"column":22},"end":{"line":62,"column":14}},"loc":{"start":{"line":59,"column":22},"end":{"line":62,"column":14}},"line":59},"4":{"name":"onChange","decl":{"start":{"line":75,"column":22},"end":{"line":78,"column":14}},"loc":{"start":{"line":75,"column":22},"end":{"line":78,"column":14}},"line":75},"5":{"name":"onChange","decl":{"start":{"line":90,"column":22},"end":{"line":90,"column":65}},"loc":{"start":{"line":90,"column":22},"end":{"line":90,"column":65}},"line":90}},"f":{"0":109,"1":438,"2":2,"3":21,"4":25,"5":2}}
,"C:\\TodoTestReal\\todo\\src\\components\\todos\\TodoHeader.jsx": {"path":"C:\\TodoTestReal\\todo\\src\\components\\todos\\TodoHeader.jsx","all":false,"statementMap":{"0":{"start":{"line":1,"column":0},"end":{"line":1,"column":40}},"1":{"start":{"line":2,"column":0},"end":{"line":2,"column":38}},"2":{"start":{"line":3,"column":0},"end":{"line":3,"column":42}},"3":{"start":{"line":4,"column":0},"end":{"line":4,"column":41}},"4":{"start":{"line":5,"column":0},"end":{"line":5,"column":34}},"5":{"start":{"line":6,"column":0},"end":{"line":6,"column":0}},"6":{"start":{"line":7,"column":0},"end":{"line":7,"column":26}},"7":{"start":{"line":8,"column":0},"end":{"line":8,"column":41}},"8":{"start":{"line":9,"column":0},"end":{"line":9,"column":37}},"9":{"start":{"line":10,"column":0},"end":{"line":10,"column":39}},"10":{"start":{"line":11,"column":0},"end":{"line":11,"column":0}},"11":{"start":{"line":12,"column":0},"end":{"line":12,"column":10}},"12":{"start":{"line":13,"column":0},"end":{"line":13,"column":78}},"13":{"start":{"line":14,"column":0},"end":{"line":14,"column":13}},"14":{"start":{"line":15,"column":0},"end":{"line":15,"column":104}},"15":{"start":{"line":16,"column":0},"end":{"line":16,"column":33}},"16":{"start":{"line":17,"column":0},"end":{"line":17,"column":37}},"17":{"start":{"line":18,"column":0},"end":{"line":18,"column":27}},"18":{"start":{"line":19,"column":0},"end":{"line":19,"column":7}},"19":{"start":{"line":20,"column":0},"end":{"line":20,"column":16}},"20":{"start":{"line":21,"column":0},"end":{"line":21,"column":15}},"21":{"start":{"line":22,"column":0},"end":{"line":22,"column":16}},"22":{"start":{"line":23,"column":0},"end":{"line":23,"column":21}},"23":{"start":{"line":24,"column":0},"end":{"line":24,"column":38}},"24":{"start":{"line":25,"column":0},"end":{"line":25,"column":62}},"25":{"start":{"line":26,"column":0},"end":{"line":26,"column":19}},"26":{"start":{"line":27,"column":0},"end":{"line":27,"column":23}},"27":{"start":{"line":28,"column":0},"end":{"line":28,"column":10}},"28":{"start":{"line":29,"column":0},"end":{"line":29,"column":20}},"29":{"start":{"line":30,"column":0},"end":{"line":30,"column":10}},"30":{"start":{"line":31,"column":0},"end":{"line":31,"column":4}},"31":{"start":{"line":32,"column":0},"end":{"line":32,"column":2}},"32":{"start":{"line":33,"column":0},"end":{"line":33,"column":0}},"33":{"start":{"line":34,"column":0},"end":{"line":34,"column":26}}},"s":{"0":1,"1":1,"2":1,"3":1,"4":1,"5":1,"6":1,"7":6,"8":6,"9":6,"10":6,"11":6,"12":6,"13":6,"14":6,"15":6,"16":6,"17":6,"18":6,"19":6,"20":6,"21":6,"22":2,"23":2,"24":2,"25":2,"26":2,"27":2,"28":6,"29":6,"30":6,"31":6,"32":1,"33":1},"branchMap":{"0":{"type":"branch","line":7,"loc":{"start":{"line":7,"column":19},"end":{"line":32,"column":2}},"locations":[{"start":{"line":7,"column":19},"end":{"line":32,"column":2}}]},"1":{"type":"branch","line":22,"loc":{"start":{"line":22,"column":7},"end":{"line":28,"column":10}},"locations":[{"start":{"line":22,"column":7},"end":{"line":28,"column":10}}]},"2":{"type":"branch","line":9,"loc":{"start":{"line":9,"column":20},"end":{"line":9,"column":37}},"locations":[{"start":{"line":9,"column":20},"end":{"line":9,"column":37}}]},"3":{"type":"branch","line":10,"loc":{"start":{"line":10,"column":21},"end":{"line":10,"column":39}},"locations":[{"start":{"line":10,"column":21},"end":{"line":10,"column":39}}]}},"b":{"0":[6],"1":[2],"2":[2],"3":[1]},"fnMap":{"0":{"name":"TodoHeader","decl":{"start":{"line":7,"column":19},"end":{"line":32,"column":2}},"loc":{"start":{"line":7,"column":19},"end":{"line":32,"column":2}},"line":7},"1":{"name":"openModal","decl":{"start":{"line":9,"column":20},"end":{"line":9,"column":37}},"loc":{"start":{"line":9,"column":20},"end":{"line":9,"column":37}},"line":9},"2":{"name":"closeModal","decl":{"start":{"line":10,"column":21},"end":{"line":10,"column":39}},"loc":{"start":{"line":10,"column":21},"end":{"line":10,"column":39}},"line":10}},"f":{"0":6,"1":2,"2":1}}
,"C:\\TodoTestReal\\todo\\src\\components\\todos\\TodoItem.jsx": {"path":"C:\\TodoTestReal\\todo\\src\\components\\todos\\TodoItem.jsx","all":false,"statementMap":{"0":{"start":{"line":1,"column":0},"end":{"line":1,"column":52}},"1":{"start":{"line":2,"column":0},"end":{"line":2,"column":41}},"2":{"start":{"line":3,"column":0},"end":{"line":3,"column":80}},"3":{"start":{"line":4,"column":0},"end":{"line":4,"column":60}},"4":{"start":{"line":5,"column":0},"end":{"line":5,"column":42}},"5":{"start":{"line":6,"column":0},"end":{"line":6,"column":34}},"6":{"start":{"line":7,"column":0},"end":{"line":7,"column":64}},"7":{"start":{"line":8,"column":0},"end":{"line":8,"column":62}},"8":{"start":{"line":9,"column":0},"end":{"line":9,"column":0}},"9":{"start":{"line":10,"column":0},"end":{"line":10,"column":32}},"10":{"start":{"line":11,"column":0},"end":{"line":11,"column":41}},"11":{"start":{"line":12,"column":0},"end":{"line":12,"column":37}},"12":{"start":{"line":13,"column":0},"end":{"line":13,"column":39}},"13":{"start":{"line":14,"column":0},"end":{"line":14,"column":0}},"14":{"start":{"line":15,"column":0},"end":{"line":15,"column":54}},"15":{"start":{"line":16,"column":0},"end":{"line":16,"column":38}},"16":{"start":{"line":17,"column":0},"end":{"line":17,"column":0}},"17":{"start":{"line":18,"column":0},"end":{"line":18,"column":10}},"18":{"start":{"line":19,"column":0},"end":{"line":19,"column":108}},"19":{"start":{"line":20,"column":0},"end":{"line":20,"column":11}},"20":{"start":{"line":21,"column":0},"end":{"line":21,"column":60}},"21":{"start":{"line":22,"column":0},"end":{"line":22,"column":45}},"22":{"start":{"line":23,"column":0},"end":{"line":23,"column":15}},"23":{"start":{"line":24,"column":0},"end":{"line":24,"column":13}},"24":{"start":{"line":25,"column":0},"end":{"line":25,"column":13}},"25":{"start":{"line":26,"column":0},"end":{"line":26,"column":29}},"26":{"start":{"line":27,"column":0},"end":{"line":27,"column":70}},"27":{"start":{"line":28,"column":0},"end":{"line":28,"column":11}},"28":{"start":{"line":29,"column":0},"end":{"line":29,"column":24}},"29":{"start":{"line":30,"column":0},"end":{"line":30,"column":15}},"30":{"start":{"line":31,"column":0},"end":{"line":31,"column":72}},"31":{"start":{"line":32,"column":0},"end":{"line":32,"column":14}},"32":{"start":{"line":33,"column":0},"end":{"line":33,"column":12}},"33":{"start":{"line":34,"column":0},"end":{"line":34,"column":47}},"34":{"start":{"line":35,"column":0},"end":{"line":35,"column":54}},"35":{"start":{"line":36,"column":0},"end":{"line":36,"column":19}},"36":{"start":{"line":37,"column":0},"end":{"line":37,"column":21}},"37":{"start":{"line":38,"column":0},"end":{"line":38,"column":67}},"38":{"start":{"line":39,"column":0},"end":{"line":39,"column":10}},"39":{"start":{"line":40,"column":0},"end":{"line":40,"column":12}},"40":{"start":{"line":41,"column":0},"end":{"line":41,"column":16}},"41":{"start":{"line":42,"column":0},"end":{"line":42,"column":21}},"42":{"start":{"line":43,"column":0},"end":{"line":43,"column":38}},"43":{"start":{"line":44,"column":0},"end":{"line":44,"column":55}},"44":{"start":{"line":45,"column":0},"end":{"line":45,"column":25}},"45":{"start":{"line":46,"column":0},"end":{"line":46,"column":23}},"46":{"start":{"line":47,"column":0},"end":{"line":47,"column":19}},"47":{"start":{"line":48,"column":0},"end":{"line":48,"column":23}},"48":{"start":{"line":49,"column":0},"end":{"line":49,"column":10}},"49":{"start":{"line":50,"column":0},"end":{"line":50,"column":9}},"50":{"start":{"line":51,"column":0},"end":{"line":51,"column":4}},"51":{"start":{"line":52,"column":0},"end":{"line":52,"column":2}},"52":{"start":{"line":53,"column":0},"end":{"line":53,"column":0}},"53":{"start":{"line":54,"column":0},"end":{"line":54,"column":24}}},"s":{"0":1,"1":1,"2":1,"3":1,"4":1,"5":1,"6":1,"7":1,"8":1,"9":1,"10":5,"11":5,"12":5,"13":5,"14":5,"15":5,"16":5,"17":5,"18":5,"19":5,"20":5,"21":5,"22":5,"23":5,"24":5,"25":5,"26":5,"27":5,"28":5,"29":5,"30":5,"31":5,"32":5,"33":5,"34":5,"35":5,"36":5,"37":5,"38":5,"39":5,"40":5,"41":1,"42":1,"43":1,"44":1,"45":1,"46":1,"47":1,"48":1,"49":5,"50":5,"51":5,"52":1,"53":1},"branchMap":{"0":{"type":"branch","line":10,"loc":{"start":{"line":10,"column":17},"end":{"line":52,"column":2}},"locations":[{"start":{"line":10,"column":17},"end":{"line":52,"column":2}}]},"1":{"type":"branch","line":41,"loc":{"start":{"line":41,"column":7},"end":{"line":49,"column":10}},"locations":[{"start":{"line":41,"column":7},"end":{"line":49,"column":10}}]},"2":{"type":"branch","line":12,"loc":{"start":{"line":12,"column":20},"end":{"line":12,"column":37}},"locations":[{"start":{"line":12,"column":20},"end":{"line":12,"column":37}}]},"3":{"type":"branch","line":38,"loc":{"start":{"line":38,"column":19},"end":{"line":38,"column":67}},"locations":[{"start":{"line":38,"column":19},"end":{"line":38,"column":67}}]}},"b":{"0":[5],"1":[1],"2":[1],"3":[1]},"fnMap":{"0":{"name":"TodoItem","decl":{"start":{"line":10,"column":17},"end":{"line":52,"column":2}},"loc":{"start":{"line":10,"column":17},"end":{"line":52,"column":2}},"line":10},"1":{"name":"openModal","decl":{"start":{"line":12,"column":20},"end":{"line":12,"column":37}},"loc":{"start":{"line":12,"column":20},"end":{"line":12,"column":37}},"line":12},"2":{"name":"closeModal","decl":{"start":{"line":13,"column":21},"end":{"line":13,"column":39}},"loc":{"start":{"line":13,"column":21},"end":{"line":13,"column":39}},"line":13},"3":{"name":"onClick","decl":{"start":{"line":38,"column":19},"end":{"line":38,"column":67}},"loc":{"start":{"line":38,"column":19},"end":{"line":38,"column":67}},"line":38}},"f":{"0":5,"1":1,"2":0,"3":1}}
,"C:\\TodoTestReal\\todo\\src\\components\\ui\\Modal.jsx": {"path":"C:\\TodoTestReal\\todo\\src\\components\\ui\\Modal.jsx","all":false,"statementMap":{"0":{"start":{"line":1,"column":0},"end":{"line":1,"column":25}},"1":{"start":{"line":2,"column":0},"end":{"line":2,"column":0}},"2":{"start":{"line":3,"column":0},"end":{"line":3,"column":42}},"3":{"start":{"line":4,"column":0},"end":{"line":4,"column":10}},"4":{"start":{"line":5,"column":0},"end":{"line":5,"column":6}},"5":{"start":{"line":6,"column":0},"end":{"line":6,"column":128}},"6":{"start":{"line":7,"column":0},"end":{"line":7,"column":13}},"7":{"start":{"line":8,"column":0},"end":{"line":8,"column":152}},"8":{"start":{"line":9,"column":0},"end":{"line":9,"column":9}},"9":{"start":{"line":10,"column":0},"end":{"line":10,"column":24}},"10":{"start":{"line":11,"column":0},"end":{"line":11,"column":14}},"11":{"start":{"line":12,"column":0},"end":{"line":12,"column":7}},"12":{"start":{"line":13,"column":0},"end":{"line":13,"column":3}},"13":{"start":{"line":14,"column":0},"end":{"line":14,"column":1}},"14":{"start":{"line":15,"column":0},"end":{"line":15,"column":0}},"15":{"start":{"line":16,"column":0},"end":{"line":16,"column":20}}},"s":{"0":1,"1":1,"2":1,"3":3,"4":3,"5":3,"6":3,"7":3,"8":3,"9":3,"10":3,"11":3,"12":3,"13":3,"14":1,"15":1},"branchMap":{"0":{"type":"branch","line":3,"loc":{"start":{"line":3,"column":14},"end":{"line":14,"column":1}},"locations":[{"start":{"line":3,"column":14},"end":{"line":14,"column":1}}]}},"b":{"0":[3]},"fnMap":{"0":{"name":"Modal","decl":{"start":{"line":3,"column":14},"end":{"line":14,"column":1}},"loc":{"start":{"line":3,"column":14},"end":{"line":14,"column":1}},"line":3}},"f":{"0":3}}
,"C:\\TodoTestReal\\todo\\src\\components\\ui\\buttons\\IconButton.jsx": {"path":"C:\\TodoTestReal\\todo\\src\\components\\ui\\buttons\\IconButton.jsx","all":false,"statementMap":{"0":{"start":{"line":1,"column":0},"end":{"line":1,"column":25}},"1":{"start":{"line":2,"column":0},"end":{"line":2,"column":0}},"2":{"start":{"line":3,"column":0},"end":{"line":3,"column":54}},"3":{"start":{"line":4,"column":0},"end":{"line":4,"column":12}},"4":{"start":{"line":5,"column":0},"end":{"line":5,"column":33}},"5":{"start":{"line":6,"column":0},"end":{"line":6,"column":80}},"6":{"start":{"line":7,"column":0},"end":{"line":7,"column":18}},"7":{"start":{"line":8,"column":0},"end":{"line":8,"column":17}},"8":{"start":{"line":9,"column":0},"end":{"line":9,"column":5}},"9":{"start":{"line":10,"column":0},"end":{"line":10,"column":1}},"10":{"start":{"line":11,"column":0},"end":{"line":11,"column":0}},"11":{"start":{"line":12,"column":0},"end":{"line":12,"column":25}}},"s":{"0":1,"1":1,"2":1,"3":10,"4":10,"5":10,"6":10,"7":10,"8":10,"9":10,"10":1,"11":1},"branchMap":{"0":{"type":"branch","line":3,"loc":{"start":{"line":3,"column":19},"end":{"line":10,"column":1}},"locations":[{"start":{"line":3,"column":19},"end":{"line":10,"column":1}}]}},"b":{"0":[10]},"fnMap":{"0":{"name":"IconButton","decl":{"start":{"line":3,"column":19},"end":{"line":10,"column":1}},"loc":{"start":{"line":3,"column":19},"end":{"line":10,"column":1}},"line":3}},"f":{"0":10}}
,"C:\\TodoTestReal\\todo\\src\\constants\\icon.jsx": {"path":"C:\\TodoTestReal\\todo\\src\\constants\\icon.jsx","all":false,"statementMap":{"0":{"start":{"line":1,"column":0},"end":{"line":1,"column":35}},"1":{"start":{"line":2,"column":0},"end":{"line":2,"column":15}},"2":{"start":{"line":3,"column":0},"end":{"line":3,"column":19}},"3":{"start":{"line":4,"column":0},"end":{"line":4,"column":15}},"4":{"start":{"line":5,"column":0},"end":{"line":5,"column":1}}},"s":{"0":1,"1":1,"2":1,"3":1,"4":1},"branchMap":{},"b":{},"fnMap":{},"f":{}}
,"C:\\TodoTestReal\\todo\\src\\contexts\\TodoContext.jsx": {"path":"C:\\TodoTestReal\\todo\\src\\contexts\\TodoContext.jsx","all":false,"statementMap":{"0":{"start":{"line":1,"column":0},"end":{"line":1,"column":62}},"1":{"start":{"line":2,"column":0},"end":{"line":2,"column":0}},"2":{"start":{"line":3,"column":0},"end":{"line":3,"column":24}},"3":{"start":{"line":4,"column":0},"end":{"line":4,"column":71}},"4":{"start":{"line":5,"column":0},"end":{"line":5,"column":86}},"5":{"start":{"line":6,"column":0},"end":{"line":6,"column":0}},"6":{"start":{"line":7,"column":0},"end":{"line":7,"column":17}},"7":{"start":{"line":8,"column":0},"end":{"line":8,"column":54}},"8":{"start":{"line":9,"column":0},"end":{"line":9,"column":70}},"9":{"start":{"line":10,"column":0},"end":{"line":10,"column":0}},"10":{"start":{"line":11,"column":0},"end":{"line":11,"column":20}},"11":{"start":{"line":12,"column":0},"end":{"line":12,"column":3}},"12":{"start":{"line":13,"column":0},"end":{"line":13,"column":10}},"13":{"start":{"line":14,"column":0},"end":{"line":14,"column":22}},"14":{"start":{"line":15,"column":0},"end":{"line":15,"column":28}},"15":{"start":{"line":16,"column":0},"end":{"line":16,"column":21}},"16":{"start":{"line":17,"column":0},"end":{"line":17,"column":4}},"17":{"start":{"line":18,"column":0},"end":{"line":18,"column":3}},"18":{"start":{"line":19,"column":0},"end":{"line":19,"column":10}},"19":{"start":{"line":20,"column":0},"end":{"line":20,"column":19}},"20":{"start":{"line":21,"column":0},"end":{"line":21,"column":24}},"21":{"start":{"line":22,"column":0},"end":{"line":22,"column":25}},"22":{"start":{"line":23,"column":0},"end":{"line":23,"column":4}},"23":{"start":{"line":24,"column":0},"end":{"line":24,"column":3}},"24":{"start":{"line":25,"column":0},"end":{"line":25,"column":10}},"25":{"start":{"line":26,"column":0},"end":{"line":26,"column":20}},"26":{"start":{"line":27,"column":0},"end":{"line":27,"column":24}},"27":{"start":{"line":28,"column":0},"end":{"line":28,"column":21}},"28":{"start":{"line":29,"column":0},"end":{"line":29,"column":4}},"29":{"start":{"line":30,"column":0},"end":{"line":30,"column":2}},"30":{"start":{"line":31,"column":0},"end":{"line":31,"column":0}},"31":{"start":{"line":32,"column":0},"end":{"line":32,"column":33}},"32":{"start":{"line":33,"column":0},"end":{"line":33,"column":47}},"33":{"start":{"line":34,"column":0},"end":{"line":34,"column":49}},"34":{"start":{"line":35,"column":0},"end":{"line":35,"column":21}},"35":{"start":{"line":36,"column":0},"end":{"line":36,"column":20}},"36":{"start":{"line":37,"column":0},"end":{"line":37,"column":5}},"37":{"start":{"line":38,"column":0},"end":{"line":38,"column":0}},"38":{"start":{"line":39,"column":0},"end":{"line":39,"column":10}},"39":{"start":{"line":40,"column":0},"end":{"line":40,"column":40}},"40":{"start":{"line":41,"column":0},"end":{"line":41,"column":53}},"41":{"start":{"line":42,"column":0},"end":{"line":42,"column":18}},"42":{"start":{"line":43,"column":0},"end":{"line":43,"column":37}},"43":{"start":{"line":44,"column":0},"end":{"line":44,"column":27}},"44":{"start":{"line":45,"column":0},"end":{"line":45,"column":4}},"45":{"start":{"line":46,"column":0},"end":{"line":46,"column":2}},"46":{"start":{"line":47,"column":0},"end":{"line":47,"column":0}},"47":{"start":{"line":48,"column":0},"end":{"line":48,"column":36}},"48":{"start":{"line":49,"column":0},"end":{"line":49,"column":35}},"49":{"start":{"line":50,"column":0},"end":{"line":50,"column":0}},"50":{"start":{"line":51,"column":0},"end":{"line":51,"column":24}},"51":{"start":{"line":52,"column":0},"end":{"line":52,"column":15}},"52":{"start":{"line":53,"column":0},"end":{"line":53,"column":33}},"53":{"start":{"line":54,"column":0},"end":{"line":54,"column":52}},"54":{"start":{"line":55,"column":0},"end":{"line":55,"column":0}},"55":{"start":{"line":56,"column":0},"end":{"line":56,"column":18}},"56":{"start":{"line":57,"column":0},"end":{"line":57,"column":36}},"57":{"start":{"line":58,"column":0},"end":{"line":58,"column":45}},"58":{"start":{"line":59,"column":0},"end":{"line":59,"column":60}},"59":{"start":{"line":60,"column":0},"end":{"line":60,"column":8}},"60":{"start":{"line":61,"column":0},"end":{"line":61,"column":46}},"61":{"start":{"line":62,"column":0},"end":{"line":62,"column":0}},"62":{"start":{"line":63,"column":0},"end":{"line":63,"column":18}},"63":{"start":{"line":64,"column":0},"end":{"line":64,"column":28}},"64":{"start":{"line":65,"column":0},"end":{"line":65,"column":65}},"65":{"start":{"line":66,"column":0},"end":{"line":66,"column":46}},"66":{"start":{"line":67,"column":0},"end":{"line":67,"column":0}},"67":{"start":{"line":68,"column":0},"end":{"line":68,"column":18}},"68":{"start":{"line":69,"column":0},"end":{"line":69,"column":57}},"69":{"start":{"line":70,"column":0},"end":{"line":70,"column":3}},"70":{"start":{"line":71,"column":0},"end":{"line":71,"column":2}}},"s":{"0":1,"1":1,"2":1,"3":1,"4":1,"5":1,"6":1,"7":1,"8":1,"9":1,"10":1,"11":1,"12":1,"13":1,"14":1,"15":1,"16":1,"17":1,"18":1,"19":1,"20":1,"21":1,"22":1,"23":1,"24":1,"25":1,"26":1,"27":1,"28":1,"29":1,"30":1,"31":1,"32":1,"33":8,"34":8,"35":8,"36":8,"37":8,"38":8,"39":8,"40":8,"41":8,"42":8,"43":8,"44":8,"45":8,"46":1,"47":1,"48":4,"49":4,"50":4,"51":4,"52":1,"53":1,"54":4,"55":4,"56":1,"57":1,"58":3,"59":1,"60":1,"61":4,"62":4,"63":1,"64":1,"65":1,"66":4,"67":4,"68":1,"69":4,"70":0},"branchMap":{"0":{"type":"branch","line":8,"loc":{"start":{"line":8,"column":24},"end":{"line":8,"column":54}},"locations":[{"start":{"line":8,"column":24},"end":{"line":8,"column":54}}]},"1":{"type":"branch","line":9,"loc":{"start":{"line":9,"column":32},"end":{"line":9,"column":70}},"locations":[{"start":{"line":9,"column":32},"end":{"line":9,"column":70}}]},"2":{"type":"branch","line":33,"loc":{"start":{"line":33,"column":28},"end":{"line":46,"column":2}},"locations":[{"start":{"line":33,"column":28},"end":{"line":46,"column":2}}]},"3":{"type":"branch","line":48,"loc":{"start":{"line":48,"column":16},"end":{"line":71,"column":2}},"locations":[{"start":{"line":48,"column":16},"end":{"line":71,"column":2}}]},"4":{"type":"branch","line":52,"loc":{"start":{"line":52,"column":4},"end":{"line":54,"column":52}},"locations":[{"start":{"line":52,"column":4},"end":{"line":54,"column":52}}]},"5":{"type":"branch","line":56,"loc":{"start":{"line":56,"column":4},"end":{"line":61,"column":46}},"locations":[{"start":{"line":56,"column":4},"end":{"line":61,"column":46}}]},"6":{"type":"branch","line":63,"loc":{"start":{"line":63,"column":4},"end":{"line":66,"column":46}},"locations":[{"start":{"line":63,"column":4},"end":{"line":66,"column":46}}]},"7":{"type":"branch","line":68,"loc":{"start":{"line":68,"column":4},"end":{"line":69,"column":57}},"locations":[{"start":{"line":68,"column":4},"end":{"line":69,"column":57}}]},"8":{"type":"branch","line":70,"loc":{"start":{"line":70,"column":2},"end":{"line":71,"column":2}},"locations":[{"start":{"line":70,"column":2},"end":{"line":71,"column":2}}]},"9":{"type":"branch","line":58,"loc":{"start":{"line":58,"column":36},"end":{"line":59,"column":60}},"locations":[{"start":{"line":58,"column":36},"end":{"line":59,"column":60}}]},"10":{"type":"branch","line":59,"loc":{"start":{"line":59,"column":31},"end":{"line":59,"column":56}},"locations":[{"start":{"line":59,"column":31},"end":{"line":59,"column":56}}]},"11":{"type":"branch","line":59,"loc":{"start":{"line":59,"column":52},"end":{"line":59,"column":60}},"locations":[{"start":{"line":59,"column":52},"end":{"line":59,"column":60}}]},"12":{"type":"branch","line":65,"loc":{"start":{"line":65,"column":39},"end":{"line":65,"column":63}},"locations":[{"start":{"line":65,"column":39},"end":{"line":65,"column":63}}]}},"b":{"0":[8],"1":[10],"2":[8],"3":[4],"4":[1],"5":[1],"6":[1],"7":[1],"8":[0],"9":[3],"10":[1],"11":[2],"12":[3]},"fnMap":{"0":{"name":"useTodos","decl":{"start":{"line":8,"column":24},"end":{"line":8,"column":54}},"loc":{"start":{"line":8,"column":24},"end":{"line":8,"column":54}},"line":8},"1":{"name":"useTodosDispatch","decl":{"start":{"line":9,"column":32},"end":{"line":9,"column":70}},"loc":{"start":{"line":9,"column":32},"end":{"line":9,"column":70}},"line":9},"2":{"name":"TodoProvider","decl":{"start":{"line":33,"column":28},"end":{"line":46,"column":2}},"loc":{"start":{"line":33,"column":28},"end":{"line":46,"column":2}},"line":33},"3":{"name":"reducer","decl":{"start":{"line":48,"column":16},"end":{"line":71,"column":2}},"loc":{"start":{"line":48,"column":16},"end":{"line":71,"column":2}},"line":48}},"f":{"0":8,"1":10,"2":8,"3":4}}
}
